0 info it worked if it ends with ok
1 verbose cli [ '/usr/local/Cellar/node/5.10.1/bin/node',
1 verbose cli   '/usr/local/bin/npm',
1 verbose cli   'stars',
1 verbose cli   'remiskrlyt' ]
2 info using npm@3.10.3
3 info using node@v6.6.0
4 silly mapToRegistry name
5 silly mapToRegistry using default registry
6 silly mapToRegistry registry https://registry.npm.taobao.org/
7 silly mapToRegistry data Result {
7 silly mapToRegistry   raw: '',
7 silly mapToRegistry   scope: null,
7 silly mapToRegistry   escapedName: null,
7 silly mapToRegistry   name: null,
7 silly mapToRegistry   rawSpec: '',
7 silly mapToRegistry   spec: '',
7 silly mapToRegistry   type: 'local' }
8 silly mapToRegistry uri https://registry.npm.taobao.org/
9 verbose request uri https://registry.npm.taobao.org/-/_view/starredByUser?key=%22remiskrlyt%22
10 verbose request no auth needed
11 info attempt registry request try #1 at 19:40:32
12 verbose request id 1b0289b8ddf63a51
13 http request GET https://registry.npm.taobao.org/-/_view/starredByUser?key=%22remiskrlyt%22
14 http 404 https://registry.npm.taobao.org/-/_view/starredByUser?key=%22remiskrlyt%22
15 verbose headers { date: 'Wed, 09 Nov 2016 11:40:33 GMT',
15 verbose headers   'content-type': 'application/json; charset=utf-8',
15 verbose headers   'content-length': '51',
15 verbose headers   connection: 'keep-alive',
15 verbose headers   'x-current-requests': '1',
15 verbose headers   'x-readtime': '0' }
16 verbose stack Error: not_found document not found: -/_view/starredByUser
16 verbose stack     at makeError (/usr/local/lib/node_modules/npm/node_modules/npm-registry-client/lib/request.js:264:12)
16 verbose stack     at CachingRegistryClient.<anonymous> (/usr/local/lib/node_modules/npm/node_modules/npm-registry-client/lib/request.js:252:14)
16 verbose stack     at Request._callback (/usr/local/lib/node_modules/npm/node_modules/npm-registry-client/lib/request.js:172:14)
16 verbose stack     at Request.self.callback (/usr/local/lib/node_modules/npm/node_modules/request/request.js:200:22)
16 verbose stack     at emitTwo (events.js:106:13)
16 verbose stack     at Request.emit (events.js:191:7)
16 verbose stack     at Request.<anonymous> (/usr/local/lib/node_modules/npm/node_modules/request/request.js:1067:10)
16 verbose stack     at emitOne (events.js:101:20)
16 verbose stack     at Request.emit (events.js:188:7)
16 verbose stack     at IncomingMessage.<anonymous> (/usr/local/lib/node_modules/npm/node_modules/request/request.js:988:12)
17 verbose statusCode 404
18 verbose cwd /Users/ccwinner/Documents/程序员学习/JavaScript/react-native-gestureunlock
19 error Darwin 16.1.0
20 error argv "/usr/local/Cellar/node/5.10.1/bin/node" "/usr/local/bin/npm" "stars" "remiskrlyt"
21 error node v6.6.0
22 error npm  v3.10.3
23 error code E404
24 error 404 not_found document not found: -/_view/starredByUser
25 verbose exit [ 1, true ]
